<?xml version="1.0" encoding="UTF-8" ?>
<testsuite tests="20" failures="0" name="net.sourceforge.tess4j.TessAPITest" time="79.624" errors="0" skipped="1">
  <properties>
[...]
</properties>
  <testcase classname="net.sourceforge.tess4j.TessAPITest" name="testTessBaseAPIGetComponentImages" time="10.087"/>
  <testcase classname="net.sourceforge.tess4j.TessAPITest" name="testTessBaseAPIPrintVariablesToFile" time="0.014"/>
  <testcase classname="net.sourceforge.tess4j.TessAPITest" name="testTessBaseAPIDetectOrientationScript" time="0.014">
    <skipped/>
  </testcase>
  <testcase classname="net.sourceforge.tess4j.TessAPITest" name="testTessBaseAPIGetLoadedLanguagesAsVector" time="0.199"/>
  <testcase classname="net.sourceforge.tess4j.TessAPITest" name="testTessBaseAPIGetInitLanguagesAsString" time="0"/>
  <testcase classname="net.sourceforge.tess4j.TessAPITest" name="testTessBaseAPIGetAvailableLanguagesAsVector" time="0.198"/>
  <testcase classname="net.sourceforge.tess4j.TessAPITest" name="testOSD" time="12.206"/>
  <testcase classname="net.sourceforge.tess4j.TessAPITest" name="testTessVersion" time="0.001"/>
  <testcase classname="net.sourceforge.tess4j.TessAPITest" name="testTessBaseAPIRect" time="7.23"/>
  <testcase classname="net.sourceforge.tess4j.TessAPITest" name="testTessBaseAPIGetUTF8Text" time="6.887"/>
  <testcase classname="net.sourceforge.tess4j.TessAPITest" name="testTessBaseAPISetVariable" time="0.001"/>
  <testcase classname="net.sourceforge.tess4j.TessAPITest" name="testTessBaseAPIGetAltoText" time="6.775"/>
  <testcase classname="net.sourceforge.tess4j.TessAPITest" name="testTessBaseAPIGetUTF8Text_Pix" time="10.525"/>
  <testcase classname="net.sourceforge.tess4j.TessAPITest" name="testTessBaseAPIAnalyseLayout" time="0.546"/>
  <testcase classname="net.sourceforge.tess4j.TessAPITest" name="testTessBaseAPIGetBoolVariable" time="0.004"/>
  <testcase classname="net.sourceforge.tess4j.TessAPITest" name="testResultIterator" time="7.513"/>
  <testcase classname="net.sourceforge.tess4j.TessAPITest" name="testTessBaseAPIGetHOCRText" time="7.715"/>
  <testcase classname="net.sourceforge.tess4j.TessAPITest" name="testChoiceIterator" time="1.292"/>
  <testcase classname="net.sourceforge.tess4j.TessAPITest" name="testTessBaseAPIInit4" time="0.358"/>
  <testcase classname="net.sourceforge.tess4j.TessAPITest" name="testResultRenderer" time="8.059"/>
</testsuite>